0 info it worked if it ends with ok
1 verbose cli [ '/usr/local/Cellar/node/0.8.14/bin/node',
1 verbose cli   '/usr/local/bin/npm',
1 verbose cli   'run-script',
1 verbose cli   'devserver' ]
2 info using npm@1.1.65
3 info using node@v0.8.14
4 verbose read json /Users/kevinallen/Sites/node/boiler/bin/package.json
5 error Error: ENOENT, open '/Users/kevinallen/Sites/node/boiler/bin/package.json'
6 error If you need help, you may report this log at:
6 error     <http://github.com/isaacs/npm/issues>
6 error or email it to:
6 error     <npm-@googlegroups.com>
7 error System Darwin 12.2.0
8 error command "/usr/local/Cellar/node/0.8.14/bin/node" "/usr/local/bin/npm" "run-script" "devserver"
9 error cwd /Users/kevinallen/Sites/node/boiler/bin
10 error node -v v0.8.14
11 error npm -v 1.1.65
12 error path /Users/kevinallen/Sites/node/boiler/bin/package.json
13 error code ENOENT
14 error errno 34
15 verbose exit [ 34, true ]
